<?xml version="1.0" encoding="UTF-8"?>
<testsuite xmlns:xsi="http://www.w3.org/2001/XMLSchema-instance" xsi:noNamespaceSchemaLocation="https://maven.apache.org/surefire/maven-surefire-plugin/xsd/surefire-test-report-3.0.xsd" version="3.0" name="com.queuemgmt.registery.ServiceRegisteryApplicationTests" time="11.885" tests="1" errors="0" skipped="0" failures="0">
  <properties>
[...]
</properties>
  <testcase name="contextLoads" classname="com.queuemgmt.registery.ServiceRegisteryApplicationTests" time="1.824">
    <system-out><![CDATA[Standard Commons Logging discovery in action with spring-jcl: please remove commons-logging.jar from classpath in order to avoid potential conflicts
00:09:06.271 [main] INFO org.springframework.test.context.support.AnnotationConfigContextLoaderUtils -- Could not detect default configuration classes for test class [com.queuemgmt.registery.ServiceRegisteryApplicationTests]: ServiceRegisteryApplicationTests does not declare any static, non-private, non-final, nested classes annotated with @Configuration.
00:09:06.563 [main] INFO org.springframework.boot.test.context.SpringBootTestContextBootstrapper -- Found @SpringBootConfiguration com.queuemgmt.registery.ServiceRegisteryApplication for test class com.queuemgmt.registery.ServiceRegisteryApplicationTests

  .   ____          _            __ _ _
 /\\ / ___'_ __ _ _(_)_ __  __ _ \ \ \ \
( ( )\___ | '_ | '_| | '_ \/ _` | \ \ \ \
 \\/  ___)| |_)| | | | | || (_| |  ) ) ) )
  '  |____| .__|_| |_|_| |_\__, | / / / /
 =========|_|==============|___/=/_/_/_/
 :: Spring Boot ::                (v3.2.5)

2026-06-29T00:09:08.156+05:30  INFO 23772 --- [registery] [           main] c.q.r.ServiceRegisteryApplicationTests   : Starting ServiceRegisteryApplicationTests using Java 17.0.18 with PID 23772 (started by shivam in C:\Users\shivam.DESKTOP-NACMCLL\Desktop\Startup\backend\service-registery)
2026-06-29T00:09:08.161+05:30  INFO 23772 --- [registery] [           main] c.q.r.ServiceRegisteryApplicationTests   : No active profile set, falling back to 1 default profile: "default"
2026-06-29T00:09:11.343+05:30  INFO 23772 --- [registery] [           main] o.s.cloud.context.scope.GenericScope     : BeanFactory id=be296e3d-93c2-371a-b5d2-7ccafe92f120
2026-06-29T00:09:11.603+05:30  WARN 23772 --- [registery] [           main] trationDelegate$BeanPostProcessorChecker : Bean 'org.springframework.cloud.client.loadbalancer.LoadBalancerAutoConfiguration$DeferringLoadBalancerInterceptorConfig' of type [org.springframework.cloud.client.loadbalancer.LoadBalancerAutoConfiguration$DeferringLoadBalancerInterceptorConfig] is not eligible for getting processed by all BeanPostProcessors (for example: not eligible for auto-proxying). The currently created BeanPostProcessor [lbRestClientPostProcessor] is declared through a non-static factory method on that class; consider declaring it as static instead.
2026-06-29T00:09:11.610+05:30  WARN 23772 --- [registery] [           main] trationDelegate$BeanPostProcessorChecker : Bean 'deferringLoadBalancerInterceptor' of type [org.springframework.cloud.client.loadbalancer.DeferringLoadBalancerInterceptor] is not eligible for getting processed by all BeanPostProcessors (for example: not eligible for auto-proxying). Is this bean getting eagerly injected into a currently created BeanPostProcessor [lbRestClientPostProcessor]? Check the corresponding BeanPostProcessor declaration and its dependencies.
2026-06-29T00:09:14.777+05:30  WARN 23772 --- [registery] [           main] iguration$LoadBalancerCaffeineWarnLogger : Spring Cloud LoadBalancer is currently working with the default cache. While this cache implementation is useful for development and tests, it's recommended to use Caffeine cache in production.You can switch to using Caffeine cache, by adding it and org.springframework.cache.caffeine.CaffeineCacheManager to the classpath.
2026-06-29T00:09:15.213+05:30  INFO 23772 --- [registery] [           main] o.s.c.n.eureka.InstanceInfoFactory       : Setting initial instance status as: STARTING
2026-06-29T00:09:15.265+05:30  INFO 23772 --- [registery] [           main] com.netflix.discovery.DiscoveryClient    : Initializing Eureka in region us-east-1
2026-06-29T00:09:15.268+05:30  INFO 23772 --- [registery] [           main] com.netflix.discovery.DiscoveryClient    : Client configured to neither register nor query for data.
2026-06-29T00:09:15.285+05:30  INFO 23772 --- [registery] [           main] com.netflix.discovery.DiscoveryClient    : Discovery Client initialized at timestamp 1782671955283 with initial instances count: 0
2026-06-29T00:09:15.375+05:30  INFO 23772 --- [registery] [           main] c.n.eureka.DefaultEurekaServerContext    : Initializing ...
2026-06-29T00:09:15.377+05:30  WARN 23772 --- [registery] [           main] c.n.eureka.cluster.PeerEurekaNodes       : The replica size seems to be empty. Check the route 53 DNS Registry
2026-06-29T00:09:15.464+05:30  INFO 23772 --- [registery] [           main] c.n.e.registry.AbstractInstanceRegistry  : Finished initializing remote region registries. All known remote regions: []
2026-06-29T00:09:15.465+05:30  INFO 23772 --- [registery] [           main] c.n.eureka.DefaultEurekaServerContext    : Initialized
2026-06-29T00:09:15.653+05:30  INFO 23772 --- [registery] [           main] o.s.b.a.e.web.EndpointLinksResolver      : Exposing 1 endpoint(s) beneath base path '/actuator'
2026-06-29T00:09:15.738+05:30  INFO 23772 --- [registery] [           main] o.s.c.n.e.s.EurekaServiceRegistry        : Registering application REGISTERY with eureka with status UP
2026-06-29T00:09:15.758+05:30  INFO 23772 --- [registery] [      Thread-10] o.s.c.n.e.server.EurekaServerBootstrap   : isAws returned false
2026-06-29T00:09:15.759+05:30  INFO 23772 --- [registery] [      Thread-10] o.s.c.n.e.server.EurekaServerBootstrap   : Initialized server context
2026-06-29T00:09:15.760+05:30  INFO 23772 --- [registery] [      Thread-10] c.n.e.r.PeerAwareInstanceRegistryImpl    : Got 1 instances from neighboring DS node
2026-06-29T00:09:15.760+05:30  INFO 23772 --- [registery] [      Thread-10] c.n.e.r.PeerAwareInstanceRegistryImpl    : Renew threshold is: 1
2026-06-29T00:09:15.760+05:30  INFO 23772 --- [registery] [      Thread-10] c.n.e.r.PeerAwareInstanceRegistryImpl    : Changing status to UP
2026-06-29T00:09:15.768+05:30  INFO 23772 --- [registery] [           main] c.q.r.ServiceRegisteryApplicationTests   : Started ServiceRegisteryApplicationTests in 8.752 seconds (process running for 11.555)
2026-06-29T00:09:15.772+05:30  INFO 23772 --- [registery] [      Thread-10] e.s.EurekaServerInitializerConfiguration : Started Eureka Server
]]></system-out>
  </testcase>
</testsuite>